<!doctype html>
<html lang="">
<head>
    <meta charset="UTF-8">
    <meta name="viewport"
          content="width=device-width, user-scalable=no, initial-scale=1.0, maximum-scale=1.0, minimum-scale=1.0">
    <meta http-equiv="X-UA-Compatible" content="ie=edge">
    <title>Test Results Report - J:/3. automation testing/day34-- folder structure of maven, upload to github/Assignment Answers/restfullbooker</title>

    <link href="reportng.css" rel="stylesheet" type="text/css"/>
</head>
<body>
<div id="meta">
Generated by <a href="http://www.testng.org" target="_blank">TestNG</a> with <a href="https://github.com/testng-team/reportng" target="_blank">ReportNG</a>
at 19:37 IST on Tuesday 02 January 2024
    <br/><span
    id="systemInfo">sumit@PRITAM-PC&nbsp;/&nbsp;Java 11.0.14 (Oracle Corporation)&nbsp;/&nbsp;Windows 10 10.0 (amd64)</span>
</div>
<h1>J:/3. automation testing/day34-- folder structure of maven, upload to github/Assignment Answers/restfullbooker</h1>

<p>
    <a href="index.html">Suites</a>
        &#183; <a href="output.html">Log Output</a>
</p>

<p>Test duration
    : 10.231s</p>


    <table class="resultsTable">
        <tr>
            <th colspan="3" class="header failed">Failed Tests</th>
        </tr>
            <tr>
                <td class="group" colspan="3">org.restfulbooler.RestfulBookerToken</td>
            </tr>
    <tr>
        <td class="method">
                postUserNameAndPassword
        </td>
        <td class="duration">
            10.231s
        </td>
        <td class="result">
            <!-- Display the dependencies for skipped test methods -->


            <!-- Show logger output for the test -->

                <a href="javascript:toggleElement('exception-0', 'block')"
                   title="Click to expand/collapse">
                    <b>io.restassured.module.jsv.JsonSchemaValidationException: com.fasterxml.jackson.core.JsonParseException: input has trailing data after first JSON Text<br/>
 at [Source: REDACTED (`StreamReadFeature.INCLUDE_SOURCE_IN_LOCATION` disabled); line: 27, column: 3]</b>
                </a>
                <br/>
                <div class="stackTrace" id="exception-0">
                        io.restassured.module.jsv.JsonSchemaValidator$JsonSchemaValidatorFactory.create(JsonSchemaValidator.java:286)<br/>
                        io.restassured.module.jsv.JsonSchemaValidator.matchesJsonSchema(JsonSchemaValidator.java:157)<br/>
                        org.restfulbooler.RestfulBookerToken.postUserNameAndPassword(RestfulBookerToken.java:345)<br/>
                        java.base/jdk.internal.reflect.NativeMethodAccessorImpl.invoke0(Native Method)<br/>
                        java.base/jdk.internal.reflect.NativeMethodAccessorImpl.invoke(NativeMethodAccessorImpl.java:62)<br/>
                        java.base/jdk.internal.reflect.DelegatingMethodAccessorImpl.invoke(DelegatingMethodAccessorImpl.java:43)<br/>
                        java.base/java.lang.reflect.Method.invoke(Method.java:566)<br/>
                        org.testng.internal.invokers.MethodInvocationHelper.invokeMethod(MethodInvocationHelper.java:139)<br/>
                        org.testng.internal.invokers.TestInvoker.invokeMethod(TestInvoker.java:664)<br/>
                        org.testng.internal.invokers.TestInvoker.invokeTestMethod(TestInvoker.java:227)<br/>
                        org.testng.internal.invokers.MethodRunner.runInSequence(MethodRunner.java:50)<br/>
                        org.testng.internal.invokers.TestInvoker$MethodInvocationAgent.invoke(TestInvoker.java:957)<br/>
                        org.testng.internal.invokers.TestInvoker.invokeTestMethods(TestInvoker.java:200)<br/>
                        org.testng.internal.invokers.TestMethodWorker.invokeTestMethods(TestMethodWorker.java:148)<br/>
                        org.testng.internal.invokers.TestMethodWorker.run(TestMethodWorker.java:128)<br/>
                        java.base/java.util.ArrayList.forEach(ArrayList.java:1541)<br/>
                        org.testng.TestRunner.privateRun(TestRunner.java:848)<br/>
                        org.testng.TestRunner.run(TestRunner.java:621)<br/>
                        org.testng.SuiteRunner.runTest(SuiteRunner.java:443)<br/>
                        org.testng.SuiteRunner.runSequentially(SuiteRunner.java:437)<br/>
                        org.testng.SuiteRunner.privateRun(SuiteRunner.java:397)<br/>
                        org.testng.SuiteRunner.run(SuiteRunner.java:336)<br/>
                        org.testng.SuiteRunnerWorker.runSuite(SuiteRunnerWorker.java:52)<br/>
                        org.testng.SuiteRunnerWorker.run(SuiteRunnerWorker.java:95)<br/>
                        org.testng.TestNG.runSuitesSequentially(TestNG.java:1280)<br/>
                        org.testng.TestNG.runSuitesLocally(TestNG.java:1200)<br/>
                        org.testng.TestNG.runSuites(TestNG.java:1114)<br/>
                        org.testng.TestNG.run(TestNG.java:1082)<br/>
                        com.intellij.rt.testng.IDEARemoteTestNG.run(IDEARemoteTestNG.java:66)<br/>
                        com.intellij.rt.testng.RemoteTestNGStarter.main(RemoteTestNGStarter.java:105)<br/>
                        <b>Caused by: </b>
                        <a href="javascript:toggleElement('exception-1', 'block')"
                           title="Click to expand/collapse">
                            com.fasterxml.jackson.core.JsonParseException: input has trailing data after first JSON Text<br/>
 at [Source: REDACTED (`StreamReadFeature.INCLUDE_SOURCE_IN_LOCATION` disabled); line: 27, column: 3]
                        </a>
                        <br/>
                        <div class="stackTrace" id="exception-1">
                                com.github.fge.jackson.JsonNodeReader$JsonParseExceptionBuilder.build(JsonNodeReader.java:198)<br/>
                                com.github.fge.jackson.JsonNodeReader.readNode(JsonNodeReader.java:161)<br/>
                                com.github.fge.jackson.JsonNodeReader.fromInputStream(JsonNodeReader.java:101)<br/>
                                com.github.fge.jackson.JsonLoader.fromFile(JsonLoader.java:166)<br/>
                                io.restassured.module.jsv.JsonSchemaValidator$3.createSchemaInstance(JsonSchemaValidator.java:155)<br/>
                                io.restassured.module.jsv.JsonSchemaValidator$3.createSchemaInstance(JsonSchemaValidator.java:152)<br/>
                                io.restassured.module.jsv.JsonSchemaValidator$JsonSchemaValidatorFactory.create(JsonSchemaValidator.java:284)<br/>
                                io.restassured.module.jsv.JsonSchemaValidator.matchesJsonSchema(JsonSchemaValidator.java:157)<br/>
                                org.restfulbooler.RestfulBookerToken.postUserNameAndPassword(RestfulBookerToken.java:345)<br/>
                                java.base/jdk.internal.reflect.NativeMethodAccessorImpl.invoke0(Native Method)<br/>
                                java.base/jdk.internal.reflect.NativeMethodAccessorImpl.invoke(NativeMethodAccessorImpl.java:62)<br/>
                                java.base/jdk.internal.reflect.DelegatingMethodAccessorImpl.invoke(DelegatingMethodAccessorImpl.java:43)<br/>
                                java.base/java.lang.reflect.Method.invoke(Method.java:566)<br/>
                                org.testng.internal.invokers.MethodInvocationHelper.invokeMethod(MethodInvocationHelper.java:139)<br/>
                                org.testng.internal.invokers.TestInvoker.invokeMethod(TestInvoker.java:664)<br/>
                                org.testng.internal.invokers.TestInvoker.invokeTestMethod(TestInvoker.java:227)<br/>
                                org.testng.internal.invokers.MethodRunner.runInSequence(MethodRunner.java:50)<br/>
                                org.testng.internal.invokers.TestInvoker$MethodInvocationAgent.invoke(TestInvoker.java:957)<br/>
                                org.testng.internal.invokers.TestInvoker.invokeTestMethods(TestInvoker.java:200)<br/>
                                org.testng.internal.invokers.TestMethodWorker.invokeTestMethods(TestMethodWorker.java:148)<br/>
                                org.testng.internal.invokers.TestMethodWorker.run(TestMethodWorker.java:128)<br/>
                                java.base/java.util.ArrayList.forEach(ArrayList.java:1541)<br/>
                                org.testng.TestRunner.privateRun(TestRunner.java:848)<br/>
                                org.testng.TestRunner.run(TestRunner.java:621)<br/>
                                org.testng.SuiteRunner.runTest(SuiteRunner.java:443)<br/>
                                org.testng.SuiteRunner.runSequentially(SuiteRunner.java:437)<br/>
                                org.testng.SuiteRunner.privateRun(SuiteRunner.java:397)<br/>
                                org.testng.SuiteRunner.run(SuiteRunner.java:336)<br/>
                                org.testng.SuiteRunnerWorker.runSuite(SuiteRunnerWorker.java:52)<br/>
                                org.testng.SuiteRunnerWorker.run(SuiteRunnerWorker.java:95)<br/>
                                org.testng.TestNG.runSuitesSequentially(TestNG.java:1280)<br/>
                                org.testng.TestNG.runSuitesLocally(TestNG.java:1200)<br/>
                                org.testng.TestNG.runSuites(TestNG.java:1114)<br/>
                                org.testng.TestNG.run(TestNG.java:1082)<br/>
                                com.intellij.rt.testng.IDEARemoteTestNG.run(IDEARemoteTestNG.java:66)<br/>
                                com.intellij.rt.testng.RemoteTestNGStarter.main(RemoteTestNGStarter.java:105)<br/>
                        </div>
                </div>
        </td>
    </tr>
    </table>



<script type="text/javascript" src="reportng.js"></script>
</body>
